<?xml version="1.0" encoding="UTF-8"?>
<testng-results ignored="0" total="1" passed="1" failed="0" skipped="0">
  <reporter-output>
  </reporter-output>
  <suite started-at="2022-05-30T15:01:07 IST" name="Default suite" finished-at="2022-05-30T15:01:11 IST" duration-ms="3839">
    <groups>
    </groups>
    <test started-at="2022-05-30T15:01:07 IST" name="Default test" finished-at="2022-05-30T15:01:11 IST" duration-ms="3839">
      <class name="LibAPI.ExternalJSONPayloadExample">
        <test-method signature="AaddBook()[pri:0, instance:LibAPI.ExternalJSONPayloadExample@3911c2a7]" started-at="2022-05-30T15:01:08 IST" name="AaddBook" finished-at="2022-05-30T15:01:11 IST" duration-ms="3799" status="PASS">
          <reporter-output>
          </reporter-output>
        </test-method> <!-- AaddBook -->
      </class> <!-- LibAPI.ExternalJSONPayloadExample -->
    </test> <!-- Default test -->
  </suite> <!-- Default suite -->
</testng-results>
